<?xml version="1.0" encoding="UTF-8"?>
<!-- Generated by org.testng.reporters.JUnitReportReporter -->
<testsuite hostname="AGC02S87JLG8WN" failures="0" tests="1" name="Parameter.parameterHandling" time="5.327" errors="0" timestamp="31 May 2021 16:52:24 GMT" skipped="0">
  <testcase classname="Parameter.parameterHandling" name="classicCRMLoginTest" time="5.327"/>
</testsuite> <!-- Parameter.parameterHandling -->
