<?xml version="1.0" encoding="UTF-8"?>
<!-- Generated by org.testng.reporters.JUnitReportReporter -->
<testsuite hostname="AGC02S87JLG8WN" failures="0" tests="3" name="TestNGSessions.DependsOnMethod" time="0.003" errors="0" timestamp="31 May 2021 16:24:07 GMT" skipped="0">
  <testcase classname="TestNGSessions.DependsOnMethod" name="signUpTest" time="0.001"/>
  <testcase classname="TestNGSessions.DependsOnMethod" name="verificationTest" time="0.001"/>
  <testcase classname="TestNGSessions.DependsOnMethod" name="registerationTest" time="0.001"/>
</testsuite> <!-- TestNGSessions.DependsOnMethod -->
