<?xml version="1.0" encoding="UTF-8"?>
<!-- Generated by org.testng.reporters.JUnitReportReporter -->
<testsuite hostname="AGC02S87JLG8WN" failures="0" tests="10" name="TestNGSessions.InvocationCount" time="0.007" errors="0" timestamp="31 May 2021 16:24:07 GMT" skipped="0">
  <testcase classname="TestNGSessions.InvocationCount" name="signUp" time="0.000"/>
  <testcase classname="TestNGSessions.InvocationCount" name="signUp" time="0.001"/>
  <testcase classname="TestNGSessions.InvocationCount" name="signUp" time="0.001"/>
  <testcase classname="TestNGSessions.InvocationCount" name="signUp" time="0.001"/>
  <testcase classname="TestNGSessions.InvocationCount" name="signUp" time="0.001"/>
  <testcase classname="TestNGSessions.InvocationCount" name="signUp" time="0.000"/>
  <testcase classname="TestNGSessions.InvocationCount" name="signUp" time="0.002"/>
  <testcase classname="TestNGSessions.InvocationCount" name="signUp" time="0.000"/>
  <testcase classname="TestNGSessions.InvocationCount" name="signUp" time="0.001"/>
  <testcase classname="TestNGSessions.InvocationCount" name="signUp" time="0.000"/>
</testsuite> <!-- TestNGSessions.InvocationCount -->
