<?xml version="1.0" encoding="UTF-8"?>
<!-- Generated by org.testng.reporters.JUnitReportReporter -->
<testsuite hostname="AGC02S87JLG8WN" failures="0" tests="4" name="TestNGSessions.PriorityExecution" time="0.006" errors="0" timestamp="31 May 2021 16:24:07 GMT" skipped="0">
  <testcase classname="TestNGSessions.PriorityExecution" name="firstTest" time="0.004"/>
  <testcase classname="TestNGSessions.PriorityExecution" name="secondTest" time="0.001"/>
  <testcase classname="TestNGSessions.PriorityExecution" name="thirdTest" time="0.000"/>
  <testcase classname="TestNGSessions.PriorityExecution" name="fifthTest" time="0.001"/>
</testsuite> <!-- TestNGSessions.PriorityExecution -->
